#
# A fatal error has been detected by the Java Runtime Environment:
#
#  EXCEPTION_ACCESS_VIOLATION (0xc0000005) at pc=0x0000000000000000, pid=9840, tid=0x00000000000043cc
#
# JRE version: Java(TM) SE Runtime Environment (8.0_111-b14) (build 1.8.0_111-b14)
# Java VM: Java HotSpot(TM) 64-Bit Server VM (25.111-b14 mixed mode windows-amd64 compressed oops)
# Problematic frame:
# C  0x0000000000000000
#
# Failed to write core dump. Minidumps are not enabled by default on client versions of Windows
#
# If you would like to submit a bug report, please visit:
#   http://bugreport.java.com/bugreport/crash.jsp
# The crash happened outside the Java Virtual Machine in native code.
# See problematic frame for where to report the bug.
#

---------------  T H R E A D  ---------------

Current thread (0x0000000020296800):  JavaThread "AWT-Windows" daemon [_thread_in_native, id=17356, stack(0x0000000020c00000,0x0000000020d00000)]

siginfo: ExceptionCode=0xc0000005, ExceptionInformation=0x0000000000000008 0x0000000000000000

Registers:
RAX=0x0000000000000000, RBX=0x0000000001178b94, RCX=0x0000000000000000, RDX=0x0000000020cfc728
RSP=0x0000000020cfc6c8, RBP=0x0000000020cfc750, RSI=0x00000000011786f0, RDI=0x0000000022400f50
R8 =0x0000000000000078, R9 =0x0000000000000078, R10=0x0000000000000406, R11=0x0000000000000078
R12=0x0000000000000000, R13=0x0000000000000000, R14=0x0000000001178890, R15=0x0000000020cfd69c
RIP=0x0000000000000000, EFLAGS=0x0000000000010202

Top of Stack: (sp=0x0000000020cfc6c8)
0x0000000020cfc6c8:   00007ffa45ae0042 0000000000000000
0x0000000020cfc6d8:   0000000000000000 0000000001178b94
0x0000000020cfc6e8:   0000000001178b94 000000a100003285
0x0000000020cfc6f8:   0056004e00000a8c 0041004900440049
0x0000000020cfc708:   0046006500470020 006500630072006f
0x0000000020cfc718:   0058005400470020 0036003000000000
0x0000000020cfc728:   004700330000000d 0000000000000000
0x0000000020cfc738:   00000000011786f0 0000000000000130
0x0000000020cfc748:   00007ffa45ae0a87 0000000020cfd69c
0x0000000020cfc758:   0000000001178890 0000000020cfd9f0
0x0000000020cfc768:   0000000000000000 0000000022400f50
0x0000000020cfc778:   00000000011786f0 0000000020cfc890
0x0000000020cfc788:   00007ffa45adff07 0000000000000000
0x0000000020cfc798:   0000000001178b94 0000000000000000
0x0000000020cfc7a8:   0000000000000000 0000000001178b94
0x0000000020cfc7b8:   0000000000000000 0000000000000000 

Instructions: (pc=0x0000000000000000)
0xffffffffffffffe0:   


Register to memory mapping:

RAX=0x0000000000000000 is an unknown value
RBX=0x0000000001178b94 is an unknown value
RCX=0x0000000000000000 is an unknown value
RDX=0x0000000020cfc728 is pointing into the stack for thread: 0x0000000020296800
RSP=0x0000000020cfc6c8 is pointing into the stack for thread: 0x0000000020296800
RBP=0x0000000020cfc750 is pointing into the stack for thread: 0x0000000020296800
RSI=0x00000000011786f0 is an unknown value
RDI=0x0000000022400f50 is an unknown value
R8 =0x0000000000000078 is an unknown value
R9 =0x0000000000000078 is an unknown value
R10=0x0000000000000406 is an unknown value
R11=0x0000000000000078 is an unknown value
R12=0x0000000000000000 is an unknown value
R13=0x0000000000000000 is an unknown value
R14=0x0000000001178890 is an unknown value
R15=0x0000000020cfd69c is pointing into the stack for thread: 0x0000000020296800


Stack: [0x0000000020c00000,0x0000000020d00000],  sp=0x0000000020cfc6c8,  free space=1009k
Native frames: (J=compiled Java code, j=interpreted, Vv=VM code, C=native code)

Java frames: (J=compiled Java code, j=interpreted, Vv=VM code)
j  sun.java2d.d3d.D3DGraphicsDevice.getDeviceCapsNative(I)I+0
j  sun.java2d.d3d.D3DGraphicsDevice.access$000(I)I+1
j  sun.java2d.d3d.D3DGraphicsDevice$1.run()V+8
v  ~StubRoutines::call_stub
j  sun.awt.windows.WToolkit.eventLoop()V+0
j  sun.awt.windows.WToolkit.run()V+58
j  java.lang.Thread.run()V+11
v  ~StubRoutines::call_stub

---------------  P R O C E S S  ---------------

Java Threads: ( => current thread )
  0x0000000002fe2800 JavaThread "DestroyJavaVM" [_thread_blocked, id=11292, stack(0x0000000002e00000,0x0000000002f00000)]
  0x0000000020332800 JavaThread "AWT-EventQueue-0" [_thread_in_native, id=25968, stack(0x0000000021e90000,0x0000000021f90000)]
=>0x0000000020296800 JavaThread "AWT-Windows" daemon [_thread_in_native, id=17356, stack(0x0000000020c00000,0x0000000020d00000)]
  0x0000000020292000 JavaThread "AWT-Shutdown" [_thread_blocked, id=25656, stack(0x0000000020b00000,0x0000000020c00000)]
  0x000000002028d000 JavaThread "Java2D Disposer" daemon [_thread_blocked, id=9948, stack(0x0000000020a00000,0x0000000020b00000)]
  0x000000001e4f6800 JavaThread "Service Thread" daemon [_thread_blocked, id=26324, stack(0x000000001fec0000,0x000000001ffc0000)]
  0x000000001e48f800 JavaThread "C1 CompilerThread3" daemon [_thread_blocked, id=11700, stack(0x000000001fdc0000,0x000000001fec0000)]
  0x000000001e46a800 JavaThread "C2 CompilerThread2" daemon [_thread_blocked, id=20884, stack(0x000000001fcc0000,0x000000001fdc0000)]
  0x000000001e466000 JavaThread "C2 CompilerThread1" daemon [_thread_blocked, id=26184, stack(0x000000001fbc0000,0x000000001fcc0000)]
  0x000000001e45d800 JavaThread "C2 CompilerThread0" daemon [_thread_blocked, id=9852, stack(0x000000001fac0000,0x000000001fbc0000)]
  0x000000001e45a800 JavaThread "Attach Listener" daemon [_thread_blocked, id=10784, stack(0x000000001f9c0000,0x000000001fac0000)]
  0x000000001cd8e000 JavaThread "Signal Dispatcher" daemon [_thread_blocked, id=2484, stack(0x000000001f8c0000,0x000000001f9c0000)]
  0x000000001e453000 JavaThread "Finalizer" daemon [_thread_blocked, id=12872, stack(0x000000001f6c0000,0x000000001f7c0000)]
  0x000000001cd7d000 JavaThread "Reference Handler" daemon [_thread_blocked, id=25064, stack(0x000000001f5c0000,0x000000001f6c0000)]

Other Threads:
  0x000000001cd76800 VMThread [stack: 0x000000001f4c0000,0x000000001f5c0000] [id=12896]
  0x000000001e507800 WatcherThread [stack: 0x000000001ffc0000,0x00000000200c0000] [id=20032]

VM state:not at safepoint (normal execution)

VM Mutex/Monitor currently owned by a thread: None

Heap:
 PSYoungGen      total 76288K, used 9176K [0x000000076af80000, 0x0000000770480000, 0x00000007c0000000)
  eden space 65536K, 14% used [0x000000076af80000,0x000000076b8762c0,0x000000076ef80000)
  from space 10752K, 0% used [0x000000076fa00000,0x000000076fa00000,0x0000000770480000)
  to   space 10752K, 0% used [0x000000076ef80000,0x000000076ef80000,0x000000076fa00000)
 ParOldGen       total 175104K, used 0K [0x00000006c0e00000, 0x00000006cb900000, 0x000000076af80000)
  object space 175104K, 0% used [0x00000006c0e00000,0x00000006c0e00000,0x00000006cb900000)
 Metaspace       used 8294K, capacity 8442K, committed 8576K, reserved 1056768K
  class space    used 1061K, capacity 1152K, committed 1152K, reserved 1048576K

Card table byte_map: [0x00000000124a0000,0x0000000012ca0000] byte_map_base: 0x000000000ee99000

Marking Bits: (ParMarkBitMap*) 0x00000000588ea6c0
 Begin Bits: [0x0000000013c00000, 0x0000000017bc8000)
 End Bits:   [0x0000000017bc8000, 0x000000001bb90000)

Polling page: 0x00000000015f0000

CodeCache: size=245760Kb used=1632Kb max_used=1632Kb free=244127Kb
 bounds [0x00000000030e0000, 0x0000000003350000, 0x00000000120e0000]
 total_blobs=667 nmethods=282 adapters=298
 compilation: enabled

Compilation events (10 events):
Event: 0.239 Thread 0x000000001e48f800  278       3       javax.swing.plaf.nimbus.AbstractRegionPainter$PaintContext::<init> (281 bytes)
Event: 0.240 Thread 0x000000001e48f800 nmethod 278 0x0000000003275410 code [0x00000000032755e0, 0x0000000003275ce8]
Event: 0.241 Thread 0x000000001e48f800  279       1       java.awt.Color::getRGB (5 bytes)
Event: 0.241 Thread 0x000000001e48f800 nmethod 279 0x00000000032766d0 code [0x0000000003276820, 0x0000000003276930]
Event: 0.241 Thread 0x000000001e48f800  280       3       java.util.LinkedList$ListItr::hasNext (20 bytes)
Event: 0.241 Thread 0x000000001e48f800 nmethod 280 0x0000000003276990 code [0x0000000003276ae0, 0x0000000003276cb0]
Event: 0.241 Thread 0x000000001e48f800  281   !   3       sun.awt.AppContext::get (123 bytes)
Event: 0.241 Thread 0x000000001e48f800 nmethod 281 0x0000000003276d50 code [0x0000000003276f00, 0x0000000003277828]
Event: 0.242 Thread 0x000000001e48f800  282       1       java.net.URL::getProtocol (5 bytes)
Event: 0.242 Thread 0x000000001e48f800 nmethod 282 0x0000000003277c90 code [0x0000000003277de0, 0x0000000003277ef0]

GC Heap History (0 events):
No events

Deoptimization events (1 events):
Event: 0.183 Thread 0x0000000002fe2800 Uncommon trap: reason=null_check action=make_not_entrant pc=0x000000000324731c method=java.lang.String.equals(Ljava/lang/Object;)Z @ 8

Internal exceptions (10 events):
Event: 0.228 Thread 0x0000000002fe2800 Exception <a 'java/lang/ClassNotFoundException': ToolBar> (0x000000076b4cd978) thrown at [C:\re\workspace\8-2-build-windows-amd64-cygwin\jdk8u111\7883\hotspot\src\share\vm\classfile\systemDictionary.cpp, line 210]
Event: 0.228 Thread 0x0000000002fe2800 Exception <a 'java/lang/ClassNotFoundException': ToggleButton> (0x000000076b4cdf28) thrown at [C:\re\workspace\8-2-build-windows-amd64-cygwin\jdk8u111\7883\hotspot\src\share\vm\classfile\systemDictionary.cpp, line 210]
Event: 0.228 Thread 0x0000000002fe2800 Exception <a 'java/lang/ClassNotFoundException': javax/swing/JToolBarSeparator> (0x000000076b4ce388) thrown at [C:\re\workspace\8-2-build-windows-amd64-cygwin\jdk8u111\7883\hotspot\src\share\vm\classfile\systemDictionary.cpp, line 210]
Event: 0.228 Thread 0x0000000002fe2800 Exception <a 'java/lang/ClassNotFoundException': ToolBarSeparator> (0x000000076b4ce820) thrown at [C:\re\workspace\8-2-build-windows-amd64-cygwin\jdk8u111\7883\hotspot\src\share\vm\classfile\systemDictionary.cpp, line 210]
Event: 0.228 Thread 0x0000000002fe2800 Exception <a 'java/lang/ClassNotFoundException': ToolTip> (0x000000076b4cef60) thrown at [C:\re\workspace\8-2-build-windows-amd64-cygwin\jdk8u111\7883\hotspot\src\share\vm\classfile\systemDictionary.cpp, line 210]
Event: 0.229 Thread 0x0000000002fe2800 Exception <a 'java/lang/ClassNotFoundException': Tree> (0x000000076b4cfb80) thrown at [C:\re\workspace\8-2-build-windows-amd64-cygwin\jdk8u111\7883\hotspot\src\share\vm\classfile\systemDictionary.cpp, line 210]
Event: 0.229 Thread 0x0000000002fe2800 Exception <a 'java/lang/ClassNotFoundException': Tree> (0x000000076b4d02c0) thrown at [C:\re\workspace\8-2-build-windows-amd64-cygwin\jdk8u111\7883\hotspot\src\share\vm\classfile\systemDictionary.cpp, line 210]
Event: 0.229 Thread 0x0000000002fe2800 Exception <a 'java/lang/ClassNotFoundException': javax/swing/JTreeCell> (0x000000076b4d0640) thrown at [C:\re\workspace\8-2-build-windows-amd64-cygwin\jdk8u111\7883\hotspot\src\share\vm\classfile\systemDictionary.cpp, line 210]
Event: 0.229 Thread 0x0000000002fe2800 Exception <a 'java/lang/ClassNotFoundException': TreeCell> (0x000000076b4d0ac8) thrown at [C:\re\workspace\8-2-build-windows-amd64-cygwin\jdk8u111\7883\hotspot\src\share\vm\classfile\systemDictionary.cpp, line 210]
Event: 0.230 Thread 0x0000000002fe2800 Exception <a 'java/lang/ClassNotFoundException': RootPane> (0x000000076b4d1528) thrown at [C:\re\workspace\8-2-build-windows-amd64-cygwin\jdk8u111\7883\hotspot\src\share\vm\classfile\systemDictionary.cpp, line 210]

Events (10 events):
Event: 0.299 loading class sun/java2d/d3d/D3DGraphicsDevice$1Result
Event: 0.299 loading class sun/java2d/d3d/D3DGraphicsDevice$1Result done
Event: 0.299 loading class sun/java2d/d3d/D3DGraphicsDevice$1
Event: 0.299 loading class sun/java2d/d3d/D3DGraphicsDevice$1 done
Event: 0.322 loading class sun/java2d/pipe/hw/AccelDeviceEventNotifier
Event: 0.323 loading class sun/java2d/pipe/hw/AccelDeviceEventNotifier done
Event: 0.323 loading class sun/java2d/d3d/D3DContext$D3DContextCaps
Event: 0.323 loading class sun/java2d/pipe/hw/ContextCapabilities
Event: 0.323 loading class sun/java2d/pipe/hw/ContextCapabilities done
Event: 0.323 loading class sun/java2d/d3d/D3DContext$D3DContextCaps done


Dynamic libraries:
0x00007ff76daf0000 - 0x00007ff76db27000 	C:\Program Files\Java\jdk1.8.0_111\bin\java.exe
0x00007ffa62950000 - 0x00007ffa62b46000 	C:\WINDOWS\SYSTEM32\ntdll.dll
0x00007ffa61390000 - 0x00007ffa6144d000 	C:\WINDOWS\System32\KERNEL32.DLL
0x00007ffa604c0000 - 0x00007ffa60788000 	C:\WINDOWS\System32\KERNELBASE.dll
0x00007ffa60d60000 - 0x00007ffa60e0c000 	C:\WINDOWS\System32\ADVAPI32.dll
0x00007ffa60b60000 - 0x00007ffa60bfe000 	C:\WINDOWS\System32\msvcrt.dll
0x00007ffa612f0000 - 0x00007ffa6138b000 	C:\WINDOWS\System32\sechost.dll
0x00007ffa61de0000 - 0x00007ffa61f04000 	C:\WINDOWS\System32\RPCRT4.dll
0x00007ffa61f10000 - 0x00007ffa620b0000 	C:\WINDOWS\System32\USER32.dll
0x00007ffa60790000 - 0x00007ffa607b2000 	C:\WINDOWS\System32\win32u.dll
0x00007ffa60b30000 - 0x00007ffa60b5a000 	C:\WINDOWS\System32\GDI32.dll
0x00007ffa607c0000 - 0x00007ffa608c9000 	C:\WINDOWS\System32\gdi32full.dll
0x00007ffa60420000 - 0x00007ffa604bd000 	C:\WINDOWS\System32\msvcp_win.dll
0x00007ffa60110000 - 0x00007ffa60210000 	C:\WINDOWS\System32\ucrtbase.dll
0x00007ffa44560000 - 0x00007ffa447fb000 	C:\WINDOWS\WinSxS\amd64_microsoft.windows.common-controls_6595b64144ccf1df_6.0.19041.488_none_ca04af081b815d21\COMCTL32.dll
0x00007ffa612c0000 - 0x00007ffa612f0000 	C:\WINDOWS\System32\IMM32.DLL
0x0000000057ff0000 - 0x00000000580c2000 	C:\Program Files\Java\jdk1.8.0_111\jre\bin\msvcr100.dll
0x00000000580d0000 - 0x000000005896a000 	C:\Program Files\Java\jdk1.8.0_111\jre\bin\server\jvm.dll
0x00007ffa60f30000 - 0x00007ffa60f38000 	C:\WINDOWS\System32\PSAPI.DLL
0x00007ffa4f840000 - 0x00007ffa4f849000 	C:\WINDOWS\SYSTEM32\WSOCK32.dll
0x00007ffa50af0000 - 0x00007ffa50b17000 	C:\WINDOWS\SYSTEM32\WINMM.dll
0x00007ffa59180000 - 0x00007ffa5918a000 	C:\WINDOWS\SYSTEM32\VERSION.dll
0x00007ffa620b0000 - 0x00007ffa6211b000 	C:\WINDOWS\System32\WS2_32.dll
0x00000000596c0000 - 0x00000000596cf000 	C:\Program Files\Java\jdk1.8.0_111\jre\bin\verify.dll
0x0000000057f80000 - 0x0000000057fa9000 	C:\Program Files\Java\jdk1.8.0_111\jre\bin\java.dll
0x00000000596a0000 - 0x00000000596b6000 	C:\Program Files\Java\jdk1.8.0_111\jre\bin\zip.dll
0x00007ffa62130000 - 0x00007ffa62871000 	C:\WINDOWS\System32\SHELL32.dll
0x00007ffa5e1e0000 - 0x00007ffa5e975000 	C:\WINDOWS\SYSTEM32\windows.storage.dll
0x00007ffa60f40000 - 0x00007ffa61295000 	C:\WINDOWS\System32\combase.dll
0x00007ffa5fb00000 - 0x00007ffa5fb2c000 	C:\WINDOWS\SYSTEM32\Wldp.dll
0x00007ffa60c00000 - 0x00007ffa60cae000 	C:\WINDOWS\System32\SHCORE.dll
0x00007ffa60e10000 - 0x00007ffa60e65000 	C:\WINDOWS\System32\shlwapi.dll
0x00007ffa5ffc0000 - 0x00007ffa5ffe6000 	C:\WINDOWS\SYSTEM32\profapi.dll
0x0000000057da0000 - 0x0000000057f38000 	C:\Program Files\Java\jdk1.8.0_111\jre\bin\awt.dll
0x00007ffa61d10000 - 0x00007ffa61ddd000 	C:\WINDOWS\System32\OLEAUT32.dll
0x00007ffa5d5c0000 - 0x00007ffa5d650000 	C:\WINDOWS\SYSTEM32\apphelp.dll
0x00007ffa5d710000 - 0x00007ffa5d7ae000 	C:\WINDOWS\system32\uxtheme.dll
0x00007ffa609b0000 - 0x00007ffa60ac5000 	C:\WINDOWS\System32\MSCTF.dll
0x00007ffa61460000 - 0x00007ffa6158a000 	C:\WINDOWS\System32\ole32.dll
0x00007ffa5e990000 - 0x00007ffa5e9a2000 	C:\WINDOWS\SYSTEM32\kernel.appcore.dll
0x00007ffa60090000 - 0x00007ffa6010f000 	C:\WINDOWS\System32\bcryptPrimitives.dll
0x00007ffa5dac0000 - 0x00007ffa5daef000 	C:\WINDOWS\system32\DWMAPI.DLL
0x0000000057d50000 - 0x0000000057d97000 	C:\Program Files\Java\jdk1.8.0_111\jre\bin\fontmanager.dll
0x00007ffa45ad0000 - 0x00007ffa45c9e000 	C:\WINDOWS\system32\d3d9.dll
0x00007ffa3a570000 - 0x00007ffa3a672000 	C:\WINDOWS\System32\DriverStore\FileRepository\nvmdi.inf_amd64_1b09d1209c6a0b92\nvldumdx.dll
0x00007ffa602c0000 - 0x00007ffa6041d000 	C:\WINDOWS\System32\crypt32.dll
0x00007ffa58c40000 - 0x00007ffa58c71000 	C:\WINDOWS\SYSTEM32\cryptnet.dll
0x00007ffa5fa70000 - 0x00007ffa5fa7c000 	C:\WINDOWS\SYSTEM32\cryptbase.dll
0x00007ffa608d0000 - 0x00007ffa60930000 	C:\WINDOWS\System32\WINTRUST.DLL
0x00007ffa5fc80000 - 0x00007ffa5fc92000 	C:\WINDOWS\SYSTEM32\MSASN1.dll
0x00007ffa612a0000 - 0x00007ffa612bd000 	C:\WINDOWS\System32\imagehlp.dll
0x00007ffa5fa50000 - 0x00007ffa5fa68000 	C:\WINDOWS\SYSTEM32\CRYPTSP.dll
0x00007ffa5f140000 - 0x00007ffa5f174000 	C:\WINDOWS\system32\rsaenh.dll
0x00007ffa60980000 - 0x00007ffa609a7000 	C:\WINDOWS\System32\bcrypt.dll
0x00007ffa09ac0000 - 0x00007ffa0b4da000 	C:\WINDOWS\System32\DriverStore\FileRepository\nvmdi.inf_amd64_1b09d1209c6a0b92\nvd3dumx.dll
0x00007ffa1bcf0000 - 0x00007ffa1bf9e000 	C:\WINDOWS\system32\nvspcap64.dll
0x00007ffa5edd0000 - 0x00007ffa5ee03000 	C:\WINDOWS\SYSTEM32\ntmarta.dll
0x00007ffa5e9b0000 - 0x00007ffa5e9d3000 	C:\WINDOWS\SYSTEM32\gpapi.dll
0x00007ffa5de70000 - 0x00007ffa5e054000 	C:\WINDOWS\SYSTEM32\dbghelp.dll

VM Arguments:
jvm_args: -Dfile.encoding=UTF-8 
java_command: View.User.LoginView
java_class_path (initial): C:\Users\Dan\Downloads\itextpdf-5.4.1.jar;D:\Google Drive\Uni\Degree\OODJ\Projects\OODJ-master\build\classes
Launcher Type: SUN_STANDARD

Environment Variables:
PATH=C:\ProgramData\Oracle\Java\javapath;C:\Program Files (x86)\Razer Chroma SDK\bin;C:\Program Files\Razer Chroma SDK\bin;C:\Program Files (x86)\Razer\ChromaBroadcast\bin;C:\Program Files\Razer\ChromaBroadcast\bin;C:\WINDOWS\system32;C:\WINDOWS;C:\WINDOWS\System32\Wbem;C:\WINDOWS\System32\WindowsPowerShell\v1.0\;C:\WINDOWS\System32\OpenSSH\;C:\Program Files\NVIDIA Corporation\NVIDIA NvDLISR;C:\Program Files (x86)\NVIDIA Corporation\PhysX\Common;C:\Program Files (x86)\QuickTime\QTSystem\;C:\WINDOWS\system32;C:\WINDOWS;C:\WINDOWS\System32\Wbem;C:\WINDOWS\System32\WindowsPowerShell\v1.0\;C:\WINDOWS\System32\OpenSSH\;C:\Program Files\dotnet\;C:\Program Files\Microsoft SQL Server\130\Tools\Binn\;C:\Program Files\Microsoft SQL Server\Client SDK\ODBC\130\Tools\Binn\;C:\Program Files (x86)\Microsoft SQL Server\140\Tools\Binn\;C:\Program Files\Microsoft SQL Server\140\Tools\Binn\;C:\Program Files\Microsoft SQL Server\140\DTS\Binn\;C:\Android;C:\Windows\System32;C:\Users\Dan\AppData\Local\Microsoft\WindowsApps;C:\Users\Dan\.dotnet\tools;D:\Git\cmd;C:\Users\Dan\AppData\Local\Programs\Python\Python38\Scripts\;C:\Users\Dan\AppData\Local\Programs\Python\Python38\;C:\Users\Dan\AppData\Local\Microsoft\WindowsApps;C:\Users\Dan\AppData\Local\Programs\Microsoft VS Code\bin;C:\Users\Dan\spicetify-cli;C:\Users\Dan\AppData\Local\GitHubDesktop\bin
USERNAME=Dan
OS=Windows_NT
PROCESSOR_IDENTIFIER=Intel64 Family 6 Model 158 Stepping 10, GenuineIntel



---------------  S Y S T E M  ---------------

OS: Windows 10.0 , 64 bit Build 19041 (10.0.19041.546)

CPU:total 12 (6 cores per cpu, 2 threads per core) family 6 model 158 stepping 10, cmov, cx8, fxsr, mmx, sse, sse2, sse3, ssse3, sse4.1, sse4.2, popcnt, avx, avx2, aes, clmul, erms, rtm, 3dnowpref, lzcnt, ht, tsc, tscinvbit, bmi1, bmi2, adx

Memory: 4k page, physical 16711832k(330924k free), swap 31223424k(1816k free)

vm_info: Java HotSpot(TM) 64-Bit Server VM (25.111-b14) for windows-amd64 JRE (1.8.0_111-b14), built on Sep 22 2016 19:24:05 by "java_re" with MS VC++ 10.0 (VS2010)

time: Thu Nov 26 22:40:37 2020
elapsed time: 0 seconds (0d 0h 0m 0s)

